[@0,0:0='\n',<WS>,channel=1,1:0]
[@1,1:6='import',<'import'>,2:0]
[@2,7:7=' ',<WS>,channel=1,2:6]
[@3,8:17='"FileName"',<STRING>,2:7]
[@4,18:18=' ',<WS>,channel=1,2:17]
[@5,19:19='\n',<WS>,channel=1,2:18]
[@6,20:20='\n',<WS>,channel=1,3:0]
[@7,21:25='class',<'class'>,4:0]
[@8,26:26=' ',<WS>,channel=1,4:5]
[@9,27:35='ClassName',<ID>,4:6]
[@10,36:36=' ',<WS>,channel=1,4:15]
[@11,37:37='{',<'{'>,4:16]
[@12,38:38='\n',<WS>,channel=1,4:17]
[@13,39:39='\t',<WS>,channel=1,5:0]
[@14,40:40='\n',<WS>,channel=1,5:1]
[@15,41:41='\t',<WS>,channel=1,6:0]
[@16,42:48='public:',<PUBLIC>,6:1]
[@17,49:49='\n',<WS>,channel=1,6:8]
[@18,50:50='\t',<WS>,channel=1,7:0]
[@19,51:51='\t',<WS>,channel=1,7:1]
[@20,52:54='int',<'int'>,7:2]
[@21,55:55=' ',<WS>,channel=1,7:5]
[@22,56:68='AttributeName',<ID>,7:6]
[@23,69:69=';',<';'>,7:19]
[@24,70:70='\n',<WS>,channel=1,7:20]
[@25,71:71='\n',<WS>,channel=1,8:0]
[@26,72:72='\t',<WS>,channel=1,9:0]
[@27,73:73='\t',<WS>,channel=1,9:1]
[@28,74:77='void',<'void'>,9:2]
[@29,78:78=' ',<WS>,channel=1,9:6]
[@30,79:87='ClassName',<ID>,9:7]
[@31,88:88=' ',<WS>,channel=1,9:16]
[@32,89:89='(',<'('>,9:17]
[@33,90:90=')',<')'>,9:18]
[@34,91:91=' ',<WS>,channel=1,9:19]
[@35,92:92='{',<'{'>,9:20]
[@36,93:93='}',<'}'>,9:21]
[@37,94:94='\n',<WS>,channel=1,9:22]
[@38,95:95='\n',<WS>,channel=1,10:0]
[@39,96:96='\t',<WS>,channel=1,11:0]
[@40,97:104='private:',<PRIVATE>,11:1]
[@41,105:105='\n',<WS>,channel=1,11:9]
[@42,106:106='\t',<WS>,channel=1,12:0]
[@43,107:107='\t',<WS>,channel=1,12:1]
[@44,108:111='char',<'char'>,12:2]
[@45,112:112=' ',<WS>,channel=1,12:6]
[@46,113:122='ReturnName',<ID>,12:7]
[@47,123:123=' ',<WS>,channel=1,12:17]
[@48,124:124='=',<'='>,12:18]
[@49,125:125=' ',<WS>,channel=1,12:19]
[@50,126:131='"Name"',<STRING>,12:20]
[@51,132:132=';',<';'>,12:26]
[@52,133:133='\n',<WS>,channel=1,12:27]
[@53,134:134='\n',<WS>,channel=1,13:0]
[@54,135:135='\t',<WS>,channel=1,14:0]
[@55,136:136='\t',<WS>,channel=1,14:1]
[@56,137:139='int',<'int'>,14:2]
[@57,140:140=' ',<WS>,channel=1,14:5]
[@58,141:153='FunctionName1',<ID>,14:6]
[@59,154:154=' ',<WS>,channel=1,14:19]
[@60,155:155='(',<'('>,14:20]
[@61,156:158='int',<'int'>,14:21]
[@62,159:159=' ',<WS>,channel=1,14:24]
[@63,160:172='ParameterName',<ID>,14:25]
[@64,173:173=')',<')'>,14:38]
[@65,174:174=' ',<WS>,channel=1,14:39]
[@66,175:175='{',<'{'>,14:40]
[@67,176:176=' ',<WS>,channel=1,14:41]
[@68,177:182='return',<'return'>,14:42]
[@69,183:183=' ',<WS>,channel=1,14:48]
[@70,184:193='ReturnName',<ID>,14:49]
[@71,194:194=';',<';'>,14:59]
[@72,195:195=' ',<WS>,channel=1,14:60]
[@73,196:196='}',<'}'>,14:61]
[@74,197:197='\n',<WS>,channel=1,14:62]
[@75,198:198='\n',<WS>,channel=1,15:0]
[@76,199:199='}',<'}'>,16:0]
[@77,200:200='\n',<WS>,channel=1,16:1]
[@78,201:201='\n',<WS>,channel=1,17:0]
[@79,202:204='int',<'int'>,18:0]
[@80,205:205=' ',<WS>,channel=1,18:3]
[@81,206:218='FunctionName2',<ID>,18:4]
[@82,219:219=' ',<WS>,channel=1,18:17]
[@83,220:220='(',<'('>,18:18]
[@84,221:221=')',<')'>,18:19]
[@85,222:222=' ',<WS>,channel=1,18:20]
[@86,223:223='{',<'{'>,18:21]
[@87,224:224='}',<'}'>,18:22]
[@88,225:225='\n',<WS>,channel=1,18:23]
[@89,226:226='\n',<WS>,channel=1,19:0]
[@90,227:230='void',<'void'>,20:0]
[@91,231:231=' ',<WS>,channel=1,20:4]
[@92,232:235='main',<'main'>,20:5]
[@93,236:236=' ',<WS>,channel=1,20:9]
[@94,237:237='(',<'('>,20:10]
[@95,238:240='int',<'int'>,20:11]
[@96,241:241=' ',<WS>,channel=1,20:14]
[@97,242:245='argc',<ID>,20:15]
[@98,246:246=',',<','>,20:19]
[@99,247:247=' ',<WS>,channel=1,20:20]
[@100,248:251='char',<'char'>,20:21]
[@101,252:252=' ',<WS>,channel=1,20:25]
[@102,253:253='*',<'*'>,20:26]
[@103,254:254='*',<'*'>,20:27]
[@104,255:258='argv',<ID>,20:28]
[@105,259:259=')',<')'>,20:32]
[@106,260:260=' ',<WS>,channel=1,20:33]
[@107,261:261='{',<'{'>,20:34]
[@108,262:262='}',<'}'>,20:35]
[@109,263:263='\n',<WS>,channel=1,20:36]
[@110,264:263='<EOF>',<EOF>,21:0]
