[@0,0:0='\n',<WS>,channel=1,1:0]
[@1,1:5='class',<'class'>,2:0]
[@2,6:6=' ',<WS>,channel=1,2:5]
[@3,7:15='ClassName',<ID>,2:6]
[@4,16:16=' ',<WS>,channel=1,2:15]
[@5,17:17='{',<'{'>,2:16]
[@6,18:21='\n\t\n\t',<WS>,channel=1,2:17]
[@7,22:28='public:',<PUBLIC>,4:1]
[@8,29:31='\n\t\t',<WS>,channel=1,4:8]
[@9,32:34='int',<'int'>,5:2]
[@10,35:35=' ',<WS>,channel=1,5:5]
[@11,36:36='a',<ID>,5:6]
[@12,37:37=';',<';'>,5:7]
[@13,38:40='\n\t\t',<WS>,channel=1,5:8]
[@14,41:48='unsigned',<'unsigned'>,6:2]
[@15,49:49=' ',<WS>,channel=1,6:10]
[@16,50:50='b',<ID>,6:11]
[@17,51:51=' ',<WS>,channel=1,6:12]
[@18,52:52='=',<'='>,6:13]
[@19,53:53=' ',<WS>,channel=1,6:14]
[@20,54:54='1',<INTEGER>,6:15]
[@21,55:55=';',<';'>,6:16]
[@22,56:58='\n\t\t',<WS>,channel=1,6:17]
[@23,59:63='float',<'float'>,7:2]
[@24,64:64=' ',<WS>,channel=1,7:7]
[@25,65:65='c',<ID>,7:8]
[@26,66:66=' ',<WS>,channel=1,7:9]
[@27,67:67='=',<'='>,7:10]
[@28,68:68=' ',<WS>,channel=1,7:11]
[@29,69:71='1.0',<FLOATING>,7:12]
[@30,72:72=',',<','>,7:15]
[@31,73:73=' ',<WS>,channel=1,7:16]
[@32,74:74='d',<ID>,7:17]
[@33,75:75=' ',<WS>,channel=1,7:18]
[@34,76:76='=',<'='>,7:19]
[@35,77:77=' ',<WS>,channel=1,7:20]
[@36,78:82='0.444',<FLOATING>,7:21]
[@37,83:83=';',<';'>,7:26]
[@38,84:86='\n\t\t',<WS>,channel=1,7:27]
[@39,87:90='char',<'char'>,8:2]
[@40,91:91=' ',<WS>,channel=1,8:6]
[@41,92:92='g',<ID>,8:7]
[@42,93:93='[',<'['>,8:8]
[@43,94:95='10',<INTEGER>,8:9]
[@44,96:96=']',<']'>,8:11]
[@45,97:97=' ',<WS>,channel=1,8:12]
[@46,98:98='=',<'='>,8:13]
[@47,99:99=' ',<WS>,channel=1,8:14]
[@48,100:105='"test"',<STRING>,8:15]
[@49,106:106=';',<';'>,8:21]
[@50,107:109='\n\t\t',<WS>,channel=1,8:22]
[@51,110:115='double',<'double'>,9:2]
[@52,116:116=' ',<WS>,channel=1,9:8]
[@53,117:117='e',<ID>,9:9]
[@54,118:118=' ',<WS>,channel=1,9:10]
[@55,119:119='=',<'='>,9:11]
[@56,120:120=' ',<WS>,channel=1,9:12]
[@57,121:124='-1.1',<FLOATING>,9:13]
[@58,125:125=';',<';'>,9:17]
[@59,126:129='\n\n\t\t',<WS>,channel=1,9:18]
[@60,130:133='void',<'void'>,11:2]
[@61,134:134=' ',<WS>,channel=1,11:6]
[@62,135:144='MyFunction',<ID>,11:7]
[@63,145:145=' ',<WS>,channel=1,11:17]
[@64,146:146='(',<'('>,11:18]
[@65,147:147=')',<')'>,11:19]
[@66,148:150='\n\t\t',<WS>,channel=1,11:20]
[@67,151:151='{',<'{'>,12:2]
[@68,152:155='\n\t\t\t',<WS>,channel=1,12:3]
[@69,156:159='char',<'char'>,13:3]
[@70,160:160=' ',<WS>,channel=1,13:7]
[@71,161:161='f',<ID>,13:8]
[@72,162:162=' ',<WS>,channel=1,13:9]
[@73,163:163='=',<'='>,13:10]
[@74,164:164=' ',<WS>,channel=1,13:11]
[@75,165:167=''d'',<STRING>,13:12]
[@76,168:168=';',<';'>,13:15]
[@77,169:171='\n\t\t',<WS>,channel=1,13:16]
[@78,172:172='}',<'}'>,14:2]
[@79,173:174='\n\n',<WS>,channel=1,14:3]
[@80,175:175='}',<'}'>,16:0]
[@81,176:177='\n\n',<WS>,channel=1,16:1]
[@82,178:181='void',<'void'>,18:0]
[@83,182:182=' ',<WS>,channel=1,18:4]
[@84,183:186='main',<'main'>,18:5]
[@85,187:187=' ',<WS>,channel=1,18:9]
[@86,188:188='(',<'('>,18:10]
[@87,189:191='int',<'int'>,18:11]
[@88,192:192=' ',<WS>,channel=1,18:14]
[@89,193:196='argc',<ID>,18:15]
[@90,197:197=',',<','>,18:19]
[@91,198:198=' ',<WS>,channel=1,18:20]
[@92,199:202='char',<'char'>,18:21]
[@93,203:203='[',<'['>,18:25]
[@94,204:204=']',<']'>,18:26]
[@95,205:205='[',<'['>,18:27]
[@96,206:206=']',<']'>,18:28]
[@97,207:207=' ',<WS>,channel=1,18:29]
[@98,208:211='argv',<ID>,18:30]
[@99,212:212=')',<')'>,18:34]
[@100,213:213=' ',<WS>,channel=1,18:35]
[@101,214:214='{',<'{'>,18:36]
[@102,215:215='}',<'}'>,18:37]
[@103,216:216='\n',<WS>,channel=1,18:38]
[@104,217:216='<EOF>',<EOF>,19:0]
