[@0,0:2='int',<'int'>,1:0]
[@1,3:3=' ',<WS>,channel=1,1:3]
[@2,4:14='MyFunction1',<ID>,1:4]
[@3,15:15=' ',<WS>,channel=1,1:15]
[@4,16:16='(',<'('>,1:16]
[@5,17:17=')',<')'>,1:17]
[@6,18:18=' ',<WS>,channel=1,1:18]
[@7,19:19='{',<'{'>,1:19]
[@8,20:20=' ',<WS>,channel=1,1:20]
[@9,21:26='return',<'return'>,1:21]
[@10,27:27=' ',<WS>,channel=1,1:27]
[@11,28:28='0',<INTEGER>,1:28]
[@12,29:29=';',<';'>,1:29]
[@13,30:30=' ',<WS>,channel=1,1:30]
[@14,31:31='}',<'}'>,1:31]
[@15,32:32='\n',<WS>,channel=1,1:32]
[@16,33:38='double',<'double'>,2:0]
[@17,39:39=' ',<WS>,channel=1,2:6]
[@18,40:50='MyFunction2',<ID>,2:7]
[@19,51:51=' ',<WS>,channel=1,2:18]
[@20,52:52='(',<'('>,2:19]
[@21,53:58='double',<'double'>,2:20]
[@22,59:59=' ',<WS>,channel=1,2:26]
[@23,60:60='b',<ID>,2:27]
[@24,61:61='[',<'['>,2:28]
[@25,62:62=']',<']'>,2:29]
[@26,63:63=',',<','>,2:30]
[@27,64:64=' ',<WS>,channel=1,2:31]
[@28,65:70='double',<'double'>,2:32]
[@29,71:71=' ',<WS>,channel=1,2:38]
[@30,72:72='c',<ID>,2:39]
[@31,73:73=')',<')'>,2:40]
[@32,74:74=' ',<WS>,channel=1,2:41]
[@33,75:75='{',<'{'>,2:42]
[@34,76:76=' ',<WS>,channel=1,2:43]
[@35,77:82='return',<'return'>,2:44]
[@36,83:83=' ',<WS>,channel=1,2:50]
[@37,84:86='0.5',<FLOATING>,2:51]
[@38,87:87=' ',<WS>,channel=1,2:54]
[@39,88:88='*',<'*'>,2:55]
[@40,89:89=' ',<WS>,channel=1,2:56]
[@41,90:90='b',<ID>,2:57]
[@42,91:91='[',<'['>,2:58]
[@43,92:92='0',<INTEGER>,2:59]
[@44,93:93=']',<']'>,2:60]
[@45,94:94=' ',<WS>,channel=1,2:61]
[@46,95:95='+',<'+'>,2:62]
[@47,96:96=' ',<WS>,channel=1,2:63]
[@48,97:97='c',<ID>,2:64]
[@49,98:98=';',<';'>,2:65]
[@50,99:99=' ',<WS>,channel=1,2:66]
[@51,100:100='}',<'}'>,2:67]
[@52,101:102='\n\n',<WS>,channel=1,2:68]
[@53,103:106='void',<'void'>,4:0]
[@54,107:107=' ',<WS>,channel=1,4:4]
[@55,108:111='main',<'main'>,4:5]
[@56,112:112=' ',<WS>,channel=1,4:9]
[@57,113:113='(',<'('>,4:10]
[@58,114:116='int',<'int'>,4:11]
[@59,117:117=' ',<WS>,channel=1,4:14]
[@60,118:121='argc',<ID>,4:15]
[@61,122:122=',',<','>,4:19]
[@62,123:123=' ',<WS>,channel=1,4:20]
[@63,124:127='char',<'char'>,4:21]
[@64,128:128='[',<'['>,4:25]
[@65,129:129=']',<']'>,4:26]
[@66,130:130='[',<'['>,4:27]
[@67,131:131=']',<']'>,4:28]
[@68,132:132=' ',<WS>,channel=1,4:29]
[@69,133:136='argv',<ID>,4:30]
[@70,137:137=')',<')'>,4:34]
[@71,138:138=' ',<WS>,channel=1,4:35]
[@72,139:139='{',<'{'>,4:36]
[@73,140:140='}',<'}'>,4:37]
[@74,141:141='\n',<WS>,channel=1,4:38]
[@75,142:141='<EOF>',<EOF>,5:0]
