[@0,0:4='class',<'class'>,1:0]
[@1,5:5=' ',<WS>,channel=1,1:5]
[@2,6:12='MyClass',<ID>,1:6]
[@3,13:13=' ',<WS>,channel=1,1:13]
[@4,14:14='{',<'{'>,1:14]
[@5,15:16='\n\t',<WS>,channel=1,1:15]
[@6,17:23='public:',<PUBLIC>,2:1]
[@7,24:26='\n\t\t',<WS>,channel=1,2:8]
[@8,27:29='int',<'int'>,3:2]
[@9,30:30=' ',<WS>,channel=1,3:5]
[@10,31:40='MyFunction',<ID>,3:6]
[@11,41:41=' ',<WS>,channel=1,3:16]
[@12,42:42='(',<'('>,3:17]
[@13,43:43=')',<')'>,3:18]
[@14,44:44=' ',<WS>,channel=1,3:19]
[@15,45:45='{',<'{'>,3:20]
[@16,46:46=' ',<WS>,channel=1,3:21]
[@17,47:52='return',<'return'>,3:22]
[@18,53:53=' ',<WS>,channel=1,3:28]
[@19,54:62='myInteger',<ID>,3:29]
[@20,63:63=';',<';'>,3:38]
[@21,64:64=' ',<WS>,channel=1,3:39]
[@22,65:65='}',<'}'>,3:40]
[@23,66:67='\n\t',<WS>,channel=1,3:41]
[@24,68:75='private:',<PRIVATE>,4:1]
[@25,76:78='\n\t\t',<WS>,channel=1,4:9]
[@26,79:81='int',<'int'>,5:2]
[@27,82:82=' ',<WS>,channel=1,5:5]
[@28,83:91='MyInteger',<ID>,5:6]
[@29,92:92=' ',<WS>,channel=1,5:15]
[@30,93:93='=',<'='>,5:16]
[@31,94:94=' ',<WS>,channel=1,5:17]
[@32,95:95='3',<INTEGER>,5:18]
[@33,96:96=';',<';'>,5:19]
[@34,97:97='\n',<WS>,channel=1,5:20]
[@35,98:98='}',<'}'>,6:0]
[@36,99:99='\n',<WS>,channel=1,6:1]
[@37,100:103='void',<'void'>,7:0]
[@38,104:104=' ',<WS>,channel=1,7:4]
[@39,105:108='main',<'main'>,7:5]
[@40,109:109=' ',<WS>,channel=1,7:9]
[@41,110:110='(',<'('>,7:10]
[@42,111:113='int',<'int'>,7:11]
[@43,114:114=' ',<WS>,channel=1,7:14]
[@44,115:118='argc',<ID>,7:15]
[@45,119:119=',',<','>,7:19]
[@46,120:120=' ',<WS>,channel=1,7:20]
[@47,121:124='char',<'char'>,7:21]
[@48,125:125='[',<'['>,7:25]
[@49,126:126=']',<']'>,7:26]
[@50,127:127='[',<'['>,7:27]
[@51,128:128=']',<']'>,7:28]
[@52,129:129=' ',<WS>,channel=1,7:29]
[@53,130:133='argv',<ID>,7:30]
[@54,134:134=')',<')'>,7:34]
[@55,135:135=' ',<WS>,channel=1,7:35]
[@56,136:136='{',<'{'>,7:36]
[@57,137:137='}',<'}'>,7:37]
[@58,138:138='\n',<WS>,channel=1,7:38]
[@59,139:138='<EOF>',<EOF>,8:0]
