[@0,0:1='if',<'if'>,1:0]
[@1,2:2=' ',<WS>,channel=1,1:2]
[@2,3:3='(',<'('>,1:3]
[@3,4:4='x',<ID>,1:4]
[@4,5:5=' ',<WS>,channel=1,1:5]
[@5,6:6='<',<'<'>,1:6]
[@6,7:7=' ',<WS>,channel=1,1:7]
[@7,8:8='2',<INT>,1:8]
[@8,9:9=' ',<WS>,channel=1,1:9]
[@9,10:11='&&',<'&&'>,1:10]
[@10,12:12=' ',<WS>,channel=1,1:12]
[@11,13:13='y',<ID>,1:13]
[@12,14:14=' ',<WS>,channel=1,1:14]
[@13,15:15='>',<'>'>,1:15]
[@14,16:16=' ',<WS>,channel=1,1:16]
[@15,17:17='5',<INT>,1:17]
[@16,18:18=')',<')'>,1:18]
[@17,19:19=' ',<WS>,channel=1,1:19]
[@18,20:20='{',<'{'>,1:20]
[@19,21:21='\n',<WS>,channel=1,1:21]
[@20,22:22='\t',<WS>,channel=1,2:0]
[@21,23:28='return',<'return'>,2:1]
[@22,29:29=' ',<WS>,channel=1,2:7]
[@23,30:30='4',<INT>,2:8]
[@24,31:31=';',<';'>,2:9]
[@25,32:32='\n',<WS>,channel=1,2:10]
[@26,33:33='}',<'}'>,3:0]
[@27,34:34=' ',<WS>,channel=1,3:1]
[@28,35:38='else',<'else'>,3:2]
[@29,39:39=' ',<WS>,channel=1,3:6]
[@30,40:40='{',<'{'>,3:7]
[@31,41:41='\n',<WS>,channel=1,3:8]
[@32,42:42='\t',<WS>,channel=1,4:0]
[@33,43:48='return',<'return'>,4:1]
[@34,49:49=' ',<WS>,channel=1,4:7]
[@35,50:50='5',<INT>,4:8]
[@36,51:51=';',<';'>,4:9]
[@37,52:52='\n',<WS>,channel=1,4:10]
[@38,53:53='}',<'}'>,5:0]
[@39,54:54='\n',<WS>,channel=1,5:1]
[@40,55:54='<EOF>',<EOF>,6:0]
