[@0,0:4='while',<'while'>,1:0]
[@1,5:5=' ',<WS>,channel=1,1:5]
[@2,6:6='(',<'('>,1:6]
[@3,7:7='i',<ID>,1:7]
[@4,8:8=' ',<WS>,channel=1,1:8]
[@5,9:10='==',<'=='>,1:9]
[@6,11:11=' ',<WS>,channel=1,1:11]
[@7,12:12='0',<INT>,1:12]
[@8,13:13=')',<')'>,1:13]
[@9,14:14=' ',<WS>,channel=1,1:14]
[@10,15:15='{',<'{'>,1:15]
[@11,16:16=' ',<WS>,channel=1,1:16]
[@12,17:17='\n',<WS>,channel=1,1:17]
[@13,18:18='\t',<WS>,channel=1,2:0]
[@14,19:21='int',<'int'>,2:1]
[@15,22:22=' ',<WS>,channel=1,2:4]
[@16,23:27='index',<ID>,2:5]
[@17,28:28=' ',<WS>,channel=1,2:10]
[@18,29:29='=',<'='>,2:11]
[@19,30:30=' ',<WS>,channel=1,2:12]
[@20,31:32='79',<INT>,2:13]
[@21,33:33=';',<';'>,2:15]
[@22,34:34='\n',<WS>,channel=1,2:16]
[@23,35:35='\t',<WS>,channel=1,3:0]
[@24,36:41='return',<'return'>,3:1]
[@25,42:42=' ',<WS>,channel=1,3:7]
[@26,43:47='false',<BOOLEAN>,3:8]
[@27,48:48=';',<';'>,3:13]
[@28,49:49=' ',<WS>,channel=1,3:14]
[@29,50:50='\n',<WS>,channel=1,3:15]
[@30,51:51='}',<'}'>,4:0]
[@31,52:52='\n',<WS>,channel=1,4:1]
[@32,53:52='<EOF>',<EOF>,5:0]
