[@0,0:2='int',<'int'>,1:0]
[@1,3:3=' ',<WS>,channel=1,1:3]
[@2,4:13='MyFunction',<ID>,1:4]
[@3,14:14=' ',<WS>,channel=1,1:14]
[@4,15:15='(',<'('>,1:15]
[@5,16:16=')',<')'>,1:16]
[@6,17:17=' ',<WS>,channel=1,1:17]
[@7,18:18='{',<'{'>,1:18]
[@8,19:20='\n\t',<WS>,channel=1,1:19]
[@9,21:23='for',<'for'>,2:1]
[@10,24:24=' ',<WS>,channel=1,2:4]
[@11,25:25='(',<'('>,2:5]
[@12,26:28='int',<'int'>,2:6]
[@13,29:29=' ',<WS>,channel=1,2:9]
[@14,30:30='i',<ID>,2:10]
[@15,31:31=' ',<WS>,channel=1,2:11]
[@16,32:32='=',<'='>,2:12]
[@17,33:33=' ',<WS>,channel=1,2:13]
[@18,34:34='0',<INTEGER>,2:14]
[@19,35:35=';',<';'>,2:15]
[@20,36:36=' ',<WS>,channel=1,2:16]
[@21,37:37='i',<ID>,2:17]
[@22,38:38=' ',<WS>,channel=1,2:18]
[@23,39:39='<',<'<'>,2:19]
[@24,40:40=' ',<WS>,channel=1,2:20]
[@25,41:43='100',<INTEGER>,2:21]
[@26,44:44=';',<';'>,2:24]
[@27,45:45=' ',<WS>,channel=1,2:25]
[@28,46:46='i',<ID>,2:26]
[@29,47:48='++',<'++'>,2:27]
[@30,49:49=')',<')'>,2:29]
[@31,50:50=' ',<WS>,channel=1,2:30]
[@32,51:51='{',<'{'>,2:31]
[@33,52:52=' ',<WS>,channel=1,2:32]
[@34,53:60='continue',<'continue'>,2:33]
[@35,61:61=';',<';'>,2:41]
[@36,62:62=' ',<WS>,channel=1,2:42]
[@37,63:63='}',<'}'>,2:43]
[@38,64:64='\n',<WS>,channel=1,2:44]
[@39,65:65='}',<'}'>,3:0]
[@40,66:66='\n',<WS>,channel=1,3:1]
[@41,67:70='void',<'void'>,4:0]
[@42,71:71=' ',<WS>,channel=1,4:4]
[@43,72:75='main',<'main'>,4:5]
[@44,76:76=' ',<WS>,channel=1,4:9]
[@45,77:77='(',<'('>,4:10]
[@46,78:80='int',<'int'>,4:11]
[@47,81:81=' ',<WS>,channel=1,4:14]
[@48,82:85='argc',<ID>,4:15]
[@49,86:86=',',<','>,4:19]
[@50,87:87=' ',<WS>,channel=1,4:20]
[@51,88:91='char',<'char'>,4:21]
[@52,92:92='[',<'['>,4:25]
[@53,93:93=']',<']'>,4:26]
[@54,94:94='[',<'['>,4:27]
[@55,95:95=']',<']'>,4:28]
[@56,96:96=' ',<WS>,channel=1,4:29]
[@57,97:100='argv',<ID>,4:30]
[@58,101:101=')',<')'>,4:34]
[@59,102:102=' ',<WS>,channel=1,4:35]
[@60,103:103='{',<'{'>,4:36]
[@61,104:104='}',<'}'>,4:37]
[@62,105:105='\n',<WS>,channel=1,4:38]
[@63,106:105='<EOF>',<EOF>,5:0]
