[@0,0:2='int',<'int'>,1:0]
[@1,3:3=' ',<WS>,channel=1,1:3]
[@2,4:13='MyFunction',<ID>,1:4]
[@3,14:14=' ',<WS>,channel=1,1:14]
[@4,15:15='(',<'('>,1:15]
[@5,16:16=')',<')'>,1:16]
[@6,17:17=' ',<WS>,channel=1,1:17]
[@7,18:18='{',<'{'>,1:18]
[@8,19:20='\n\t',<WS>,channel=1,1:19]
[@9,21:26='switch',<'switch'>,2:1]
[@10,27:27=' ',<WS>,channel=1,2:7]
[@11,28:28='(',<'('>,2:8]
[@12,29:31='var',<ID>,2:9]
[@13,32:32='[',<'['>,2:12]
[@14,33:33='1',<INTEGER>,2:13]
[@15,34:34=']',<']'>,2:14]
[@16,35:35=')',<')'>,2:15]
[@17,36:36=' ',<WS>,channel=1,2:16]
[@18,37:37='{',<'{'>,2:17]
[@19,38:40='\n\t\t',<WS>,channel=1,2:18]
[@20,41:44='case',<'case'>,3:2]
[@21,45:45=' ',<WS>,channel=1,3:6]
[@22,46:48=''a'',<STRING>,3:7]
[@23,49:49=':',<':'>,3:10]
[@24,50:50=' ',<WS>,channel=1,3:11]
[@25,51:51='x',<ID>,3:12]
[@26,52:52=' ',<WS>,channel=1,3:13]
[@27,53:54='-=',<'-='>,3:14]
[@28,55:55=' ',<WS>,channel=1,3:16]
[@29,56:56='2',<INTEGER>,3:17]
[@30,57:57=';',<';'>,3:18]
[@31,58:61='\n\t\t\t',<WS>,channel=1,3:19]
[@32,62:66='break',<'break'>,4:3]
[@33,67:67=';',<';'>,4:8]
[@34,68:70='\n\t\t',<WS>,channel=1,4:9]
[@35,71:77='default',<'default'>,5:2]
[@36,78:78=':',<':'>,5:9]
[@37,79:82='\n\t\t\t',<WS>,channel=1,5:10]
[@38,83:87='break',<'break'>,6:3]
[@39,88:88=';',<';'>,6:8]
[@40,89:90='\n\t',<WS>,channel=1,6:9]
[@41,91:91='}',<'}'>,7:1]
[@42,92:92='\n',<WS>,channel=1,7:2]
[@43,93:93='}',<'}'>,8:0]
[@44,94:94='\n',<WS>,channel=1,8:1]
[@45,95:98='void',<'void'>,9:0]
[@46,99:99=' ',<WS>,channel=1,9:4]
[@47,100:103='main',<'main'>,9:5]
[@48,104:104=' ',<WS>,channel=1,9:9]
[@49,105:105='(',<'('>,9:10]
[@50,106:108='int',<'int'>,9:11]
[@51,109:109=' ',<WS>,channel=1,9:14]
[@52,110:113='argc',<ID>,9:15]
[@53,114:114=',',<','>,9:19]
[@54,115:115=' ',<WS>,channel=1,9:20]
[@55,116:119='char',<'char'>,9:21]
[@56,120:120='[',<'['>,9:25]
[@57,121:121=']',<']'>,9:26]
[@58,122:122='[',<'['>,9:27]
[@59,123:123=']',<']'>,9:28]
[@60,124:124=' ',<WS>,channel=1,9:29]
[@61,125:128='argv',<ID>,9:30]
[@62,129:129=')',<')'>,9:34]
[@63,130:130=' ',<WS>,channel=1,9:35]
[@64,131:131='{',<'{'>,9:36]
[@65,132:132='}',<'}'>,9:37]
[@66,133:133='\n',<WS>,channel=1,9:38]
[@67,134:133='<EOF>',<EOF>,10:0]
