[@0,0:2='int',<'int'>,1:0]
[@1,3:3=' ',<WS>,channel=1,1:3]
[@2,4:4='*',<'*'>,1:4]
[@3,5:5=' ',<WS>,channel=1,1:5]
[@4,6:15='MyFunction',<ID>,1:6]
[@5,16:16=' ',<WS>,channel=1,1:16]
[@6,17:17='(',<'('>,1:17]
[@7,18:20='int',<'int'>,1:18]
[@8,21:21=' ',<WS>,channel=1,1:21]
[@9,22:22='a',<ID>,1:22]
[@10,23:23='[',<'['>,1:23]
[@11,24:24='2',<INT>,1:24]
[@12,25:25=']',<']'>,1:25]
[@13,26:26=')',<')'>,1:26]
[@14,27:27=' ',<WS>,channel=1,1:27]
[@15,28:28='{',<'{'>,1:28]
[@16,29:29='\n',<WS>,channel=1,1:29]
[@17,30:30=' ',<WS>,channel=1,2:0]
[@18,31:31=' ',<WS>,channel=1,2:1]
[@19,32:32=' ',<WS>,channel=1,2:2]
[@20,33:33=' ',<WS>,channel=1,2:3]
[@21,34:36='int',<'int'>,2:4]
[@22,37:37=' ',<WS>,channel=1,2:7]
[@23,38:38='*',<'*'>,2:8]
[@24,39:39=' ',<WS>,channel=1,2:9]
[@25,40:40='x',<ID>,2:10]
[@26,41:41=' ',<WS>,channel=1,2:11]
[@27,42:42='=',<'='>,2:12]
[@28,43:43=' ',<WS>,channel=1,2:13]
[@29,44:49='malloc',<'malloc'>,2:14]
[@30,50:50='(',<'('>,2:20]
[@31,51:51='1',<INT>,2:21]
[@32,52:52=' ',<WS>,channel=1,2:22]
[@33,53:53='*',<'*'>,2:23]
[@34,54:54=' ',<WS>,channel=1,2:24]
[@35,55:60='sizeof',<'sizeof'>,2:25]
[@36,61:61='(',<'('>,2:31]
[@37,62:64='int',<'int'>,2:32]
[@38,65:65=')',<')'>,2:35]
[@39,66:66=')',<')'>,2:36]
[@40,67:67=';',<';'>,2:37]
[@41,68:68='\n',<WS>,channel=1,2:38]
[@42,69:69=' ',<WS>,channel=1,3:0]
[@43,70:70=' ',<WS>,channel=1,3:1]
[@44,71:71=' ',<WS>,channel=1,3:2]
[@45,72:72=' ',<WS>,channel=1,3:3]
[@46,73:73='*',<'*'>,3:4]
[@47,74:74='(',<'('>,3:5]
[@48,75:75='x',<ID>,3:6]
[@49,76:76=')',<')'>,3:7]
[@50,77:77=' ',<WS>,channel=1,3:8]
[@51,78:78='=',<'='>,3:9]
[@52,79:79=' ',<WS>,channel=1,3:10]
[@53,80:80='a',<ID>,3:11]
[@54,81:81='[',<'['>,3:12]
[@55,82:82='0',<INT>,3:13]
[@56,83:83=']',<']'>,3:14]
[@57,84:84=' ',<WS>,channel=1,3:15]
[@58,85:85='+',<'+'>,3:16]
[@59,86:86=' ',<WS>,channel=1,3:17]
[@60,87:87='a',<ID>,3:18]
[@61,88:88='[',<'['>,3:19]
[@62,89:89='1',<INT>,3:20]
[@63,90:90=']',<']'>,3:21]
[@64,91:91=';',<';'>,3:22]
[@65,92:92='\n',<WS>,channel=1,3:23]
[@66,93:93=' ',<WS>,channel=1,4:0]
[@67,94:94=' ',<WS>,channel=1,4:1]
[@68,95:95=' ',<WS>,channel=1,4:2]
[@69,96:96=' ',<WS>,channel=1,4:3]
[@70,97:102='return',<'return'>,4:4]
[@71,103:103=' ',<WS>,channel=1,4:10]
[@72,104:104='x',<ID>,4:11]
[@73,105:105=';',<';'>,4:12]
[@74,106:106='\n',<WS>,channel=1,4:13]
[@75,107:107='}',<'}'>,5:0]
[@76,108:108='\n',<WS>,channel=1,5:1]
[@77,109:109='\n',<WS>,channel=1,6:0]
[@78,110:113='void',<'void'>,7:0]
[@79,114:114=' ',<WS>,channel=1,7:4]
[@80,115:118='main',<'main'>,7:5]
[@81,119:119=' ',<WS>,channel=1,7:9]
[@82,120:120='(',<'('>,7:10]
[@83,121:123='int',<'int'>,7:11]
[@84,124:124=' ',<WS>,channel=1,7:14]
[@85,125:128='argc',<ID>,7:15]
[@86,129:129=',',<','>,7:19]
[@87,130:130=' ',<WS>,channel=1,7:20]
[@88,131:134='char',<'char'>,7:21]
[@89,135:135=' ',<WS>,channel=1,7:25]
[@90,136:136='*',<'*'>,7:26]
[@91,137:137='*',<'*'>,7:27]
[@92,138:141='argv',<ID>,7:28]
[@93,142:142=')',<')'>,7:32]
[@94,143:143=' ',<WS>,channel=1,7:33]
[@95,144:144='{',<'{'>,7:34]
[@96,145:145='}',<'}'>,7:35]
[@97,146:146='\n',<WS>,channel=1,7:36]
[@98,147:146='<EOF>',<EOF>,8:0]
