[@0,0:5='import',<'import'>,1:0]
[@1,6:6=' ',<WS>,channel=1,1:6]
[@2,7:16='"FileName"',<STRING>,1:7]
[@3,17:17='\n',<WS>,channel=1,1:17]
[@4,18:18='\n',<WS>,channel=1,2:0]
[@5,19:23='class',<'class'>,3:0]
[@6,24:24=' ',<WS>,channel=1,3:5]
[@7,25:33='ClassName',<ID>,3:6]
[@8,34:34=' ',<WS>,channel=1,3:15]
[@9,35:35='{',<'{'>,3:16]
[@10,36:36='\n',<WS>,channel=1,3:17]
[@11,37:37=' ',<WS>,channel=1,4:0]
[@12,38:38=' ',<WS>,channel=1,4:1]
[@13,39:39=' ',<WS>,channel=1,4:2]
[@14,40:40=' ',<WS>,channel=1,4:3]
[@15,41:48='private:',<PRIVATE>,4:4]
[@16,49:49='\n',<WS>,channel=1,4:12]
[@17,50:50=' ',<WS>,channel=1,5:0]
[@18,51:51=' ',<WS>,channel=1,5:1]
[@19,52:52=' ',<WS>,channel=1,5:2]
[@20,53:53=' ',<WS>,channel=1,5:3]
[@21,54:54=' ',<WS>,channel=1,5:4]
[@22,55:55=' ',<WS>,channel=1,5:5]
[@23,56:56=' ',<WS>,channel=1,5:6]
[@24,57:57=' ',<WS>,channel=1,5:7]
[@25,58:61='char',<'char'>,5:8]
[@26,62:62=' ',<WS>,channel=1,5:12]
[@27,63:72='ReturnName',<ID>,5:13]
[@28,73:73=' ',<WS>,channel=1,5:23]
[@29,74:74='=',<'='>,5:24]
[@30,75:75=' ',<WS>,channel=1,5:25]
[@31,76:81='"Name"',<STRING>,5:26]
[@32,82:82=';',<';'>,5:32]
[@33,83:83='\n',<WS>,channel=1,5:33]
[@34,84:84=' ',<WS>,channel=1,6:0]
[@35,85:85=' ',<WS>,channel=1,6:1]
[@36,86:86=' ',<WS>,channel=1,6:2]
[@37,87:87=' ',<WS>,channel=1,6:3]
[@38,88:88=' ',<WS>,channel=1,6:4]
[@39,89:89=' ',<WS>,channel=1,6:5]
[@40,90:90=' ',<WS>,channel=1,6:6]
[@41,91:91=' ',<WS>,channel=1,6:7]
[@42,92:94='int',<'int'>,6:8]
[@43,95:95=' ',<WS>,channel=1,6:11]
[@44,96:108='FunctionName1',<ID>,6:12]
[@45,109:109=' ',<WS>,channel=1,6:25]
[@46,110:110='(',<'('>,6:26]
[@47,111:113='int',<'int'>,6:27]
[@48,114:114=' ',<WS>,channel=1,6:30]
[@49,115:127='ParameterName',<ID>,6:31]
[@50,128:128=')',<')'>,6:44]
[@51,129:129=' ',<WS>,channel=1,6:45]
[@52,130:130='{',<'{'>,6:46]
[@53,131:131=' ',<WS>,channel=1,6:47]
[@54,132:137='return',<'return'>,6:48]
[@55,138:138=' ',<WS>,channel=1,6:54]
[@56,139:148='ReturnName',<ID>,6:55]
[@57,149:149=';',<';'>,6:65]
[@58,150:150=' ',<WS>,channel=1,6:66]
[@59,151:151='}',<'}'>,6:67]
[@60,152:152='\n',<WS>,channel=1,6:68]
[@61,153:153=' ',<WS>,channel=1,7:0]
[@62,154:154=' ',<WS>,channel=1,7:1]
[@63,155:155=' ',<WS>,channel=1,7:2]
[@64,156:156=' ',<WS>,channel=1,7:3]
[@65,157:163='public:',<PUBLIC>,7:4]
[@66,164:164='\n',<WS>,channel=1,7:11]
[@67,165:165=' ',<WS>,channel=1,8:0]
[@68,166:166=' ',<WS>,channel=1,8:1]
[@69,167:167=' ',<WS>,channel=1,8:2]
[@70,168:168=' ',<WS>,channel=1,8:3]
[@71,169:169=' ',<WS>,channel=1,8:4]
[@72,170:170=' ',<WS>,channel=1,8:5]
[@73,171:171=' ',<WS>,channel=1,8:6]
[@74,172:172=' ',<WS>,channel=1,8:7]
[@75,173:176='void',<'void'>,8:8]
[@76,177:177=' ',<WS>,channel=1,8:12]
[@77,178:186='ClassName',<ID>,8:13]
[@78,187:187=' ',<WS>,channel=1,8:22]
[@79,188:188='(',<'('>,8:23]
[@80,189:189=')',<')'>,8:24]
[@81,190:190=' ',<WS>,channel=1,8:25]
[@82,191:191='{',<'{'>,8:26]
[@83,192:192='}',<'}'>,8:27]
[@84,193:193='\n',<WS>,channel=1,8:28]
[@85,194:194=' ',<WS>,channel=1,9:0]
[@86,195:195=' ',<WS>,channel=1,9:1]
[@87,196:196=' ',<WS>,channel=1,9:2]
[@88,197:197=' ',<WS>,channel=1,9:3]
[@89,198:198=' ',<WS>,channel=1,9:4]
[@90,199:199=' ',<WS>,channel=1,9:5]
[@91,200:200=' ',<WS>,channel=1,9:6]
[@92,201:201=' ',<WS>,channel=1,9:7]
[@93,202:204='int',<'int'>,9:8]
[@94,205:205=' ',<WS>,channel=1,9:11]
[@95,206:218='AttributeName',<ID>,9:12]
[@96,219:219=';',<';'>,9:25]
[@97,220:220='\n',<WS>,channel=1,9:26]
[@98,221:221='\n',<WS>,channel=1,10:0]
[@99,222:222='}',<'}'>,11:0]
[@100,223:223='\n',<WS>,channel=1,11:1]
[@101,224:224='\n',<WS>,channel=1,12:0]
[@102,225:228='void',<'void'>,13:0]
[@103,229:229=' ',<WS>,channel=1,13:4]
[@104,230:233='main',<'main'>,13:5]
[@105,234:234=' ',<WS>,channel=1,13:9]
[@106,235:235='(',<'('>,13:10]
[@107,236:238='int',<'int'>,13:11]
[@108,239:239=' ',<WS>,channel=1,13:14]
[@109,240:243='argc',<ID>,13:15]
[@110,244:244=',',<','>,13:19]
[@111,245:245=' ',<WS>,channel=1,13:20]
[@112,246:249='char',<'char'>,13:21]
[@113,250:250=' ',<WS>,channel=1,13:25]
[@114,251:251='*',<'*'>,13:26]
[@115,252:252='*',<'*'>,13:27]
[@116,253:256='argv',<ID>,13:28]
[@117,257:257=')',<')'>,13:32]
[@118,258:258=' ',<WS>,channel=1,13:33]
[@119,259:259='{',<'{'>,13:34]
[@120,260:260='}',<'}'>,13:35]
[@121,261:261='\n',<WS>,channel=1,13:36]
[@122,262:262='\n',<WS>,channel=1,14:0]
[@123,263:265='int',<'int'>,15:0]
[@124,266:266=' ',<WS>,channel=1,15:3]
[@125,267:279='FunctionName2',<ID>,15:4]
[@126,280:280=' ',<WS>,channel=1,15:17]
[@127,281:281='(',<'('>,15:18]
[@128,282:282=')',<')'>,15:19]
[@129,283:283=' ',<WS>,channel=1,15:20]
[@130,284:284='{',<'{'>,15:21]
[@131,285:285='}',<'}'>,15:22]
[@132,286:286='\n',<WS>,channel=1,15:23]
[@133,287:286='<EOF>',<EOF>,16:0]
