[@0,0:0='{',<'{'>,1:0]
[@1,1:1='\n',<WS>,channel=1,1:1]
[@2,2:2='\t',<WS>,channel=1,2:0]
[@3,3:5='int',<'int'>,2:1]
[@4,6:6=' ',<WS>,channel=1,2:4]
[@5,7:7='x',<ID>,2:5]
[@6,8:8=' ',<WS>,channel=1,2:6]
[@7,9:9='=',<'='>,2:7]
[@8,10:10=' ',<WS>,channel=1,2:8]
[@9,11:11='3',<INT>,2:9]
[@10,12:12=';',<';'>,2:10]
[@11,13:13='\n',<WS>,channel=1,2:11]
[@12,14:18='while',<'while'>,3:0]
[@13,19:19=' ',<WS>,channel=1,3:5]
[@14,20:20='(',<'('>,3:6]
[@15,21:21='x',<ID>,3:7]
[@16,22:22=' ',<WS>,channel=1,3:8]
[@17,23:23='<',<'<'>,3:9]
[@18,24:24=' ',<WS>,channel=1,3:10]
[@19,25:26='10',<INT>,3:11]
[@20,27:27=')',<')'>,3:13]
[@21,28:28=';',<';'>,3:14]
[@22,29:29='\n',<WS>,channel=1,3:15]
[@23,30:30='x',<ID>,4:0]
[@24,31:31=' ',<WS>,channel=1,4:1]
[@25,32:33='+=',<'+='>,4:2]
[@26,34:34=' ',<WS>,channel=1,4:4]
[@27,35:35='4',<INT>,4:5]
[@28,36:36=';',<';'>,4:6]
[@29,37:37='\n',<WS>,channel=1,4:7]
[@30,38:38='}',<'}'>,5:0]
[@31,39:39='\n',<WS>,channel=1,5:1]
[@32,40:39='<EOF>',<EOF>,6:0]
