[@0,0:0='{',<'{'>,1:0]
[@1,1:1='\n',<WS>,channel=1,1:1]
[@2,2:2='\t',<WS>,channel=1,2:0]
[@3,3:5='for',<'for'>,2:1]
[@4,6:6=' ',<WS>,channel=1,2:4]
[@5,7:7='(',<'('>,2:5]
[@6,8:10='int',<'int'>,2:6]
[@7,11:11=' ',<WS>,channel=1,2:9]
[@8,12:12='i',<ID>,2:10]
[@9,13:13=' ',<WS>,channel=1,2:11]
[@10,14:14='=',<'='>,2:12]
[@11,15:15=' ',<WS>,channel=1,2:13]
[@12,16:16='0',<INT>,2:14]
[@13,17:17=';',<';'>,2:15]
[@14,18:18=' ',<WS>,channel=1,2:16]
[@15,19:19=';',<';'>,2:17]
[@16,20:20=' ',<WS>,channel=1,2:18]
[@17,21:21='i',<ID>,2:19]
[@18,22:23='++',<'++'>,2:20]
[@19,24:24=')',<')'>,2:22]
[@20,25:25=' ',<WS>,channel=1,2:23]
[@21,26:26='{',<'{'>,2:24]
[@22,27:27='\n',<WS>,channel=1,2:25]
[@23,28:31='argv',<ID>,3:0]
[@24,32:32=' ',<WS>,channel=1,3:4]
[@25,33:34='+=',<'+='>,3:5]
[@26,35:35=' ',<WS>,channel=1,3:7]
[@27,36:36='&',<'&'>,3:8]
[@28,37:37='(',<'('>,3:9]
[@29,38:38='i',<ID>,3:10]
[@30,39:39=')',<')'>,3:11]
[@31,40:40=';',<';'>,3:12]
[@32,41:41='\n',<WS>,channel=1,3:13]
[@33,42:42='}',<'}'>,4:0]
[@34,43:43='\n',<WS>,channel=1,4:1]
[@35,44:44='}',<'}'>,5:0]
[@36,45:45='\n',<WS>,channel=1,5:1]
[@37,46:45='<EOF>',<EOF>,6:0]
