[@0,0:2='int',<'int'>,1:0]
[@1,3:3=' ',<WS>,channel=1,1:3]
[@2,4:11='Function',<ID>,1:4]
[@3,12:12='(',<'('>,1:12]
[@4,13:15='int',<'int'>,1:13]
[@5,16:16=' ',<WS>,channel=1,1:16]
[@6,17:17='a',<ID>,1:17]
[@7,18:18=')',<')'>,1:18]
[@8,19:19=' ',<WS>,channel=1,1:19]
[@9,20:20='{',<'{'>,1:20]
[@10,21:21='\n',<WS>,channel=1,1:21]
[@11,22:22=' ',<WS>,channel=1,2:0]
[@12,23:23=' ',<WS>,channel=1,2:1]
[@13,24:24=' ',<WS>,channel=1,2:2]
[@14,25:25=' ',<WS>,channel=1,2:3]
[@15,26:30='class',<'class'>,2:4]
[@16,31:31=' ',<WS>,channel=1,2:9]
[@17,32:38='MyClass',<ID>,2:10]
[@18,39:39=' ',<WS>,channel=1,2:17]
[@19,40:40='{',<'{'>,2:18]
[@20,41:41='\n',<WS>,channel=1,2:19]
[@21,42:42=' ',<WS>,channel=1,3:0]
[@22,43:43=' ',<WS>,channel=1,3:1]
[@23,44:44=' ',<WS>,channel=1,3:2]
[@24,45:45=' ',<WS>,channel=1,3:3]
[@25,46:46=' ',<WS>,channel=1,3:4]
[@26,47:47=' ',<WS>,channel=1,3:5]
[@27,48:48=' ',<WS>,channel=1,3:6]
[@28,49:49=' ',<WS>,channel=1,3:7]
[@29,50:56='public:',<PUBLIC>,3:8]
[@30,57:57='\n',<WS>,channel=1,3:15]
[@31,58:58=' ',<WS>,channel=1,4:0]
[@32,59:59=' ',<WS>,channel=1,4:1]
[@33,60:60=' ',<WS>,channel=1,4:2]
[@34,61:61=' ',<WS>,channel=1,4:3]
[@35,62:62=' ',<WS>,channel=1,4:4]
[@36,63:63=' ',<WS>,channel=1,4:5]
[@37,64:64=' ',<WS>,channel=1,4:6]
[@38,65:65=' ',<WS>,channel=1,4:7]
[@39,66:66=' ',<WS>,channel=1,4:8]
[@40,67:67=' ',<WS>,channel=1,4:9]
[@41,68:68=' ',<WS>,channel=1,4:10]
[@42,69:69=' ',<WS>,channel=1,4:11]
[@43,70:72='int',<'int'>,4:12]
[@44,73:73=' ',<WS>,channel=1,4:15]
[@45,74:74='x',<ID>,4:16]
[@46,75:75=';',<';'>,4:17]
[@47,76:76='\n',<WS>,channel=1,4:18]
[@48,77:77='}',<'}'>,5:0]
[@49,78:78='\n',<WS>,channel=1,5:1]
[@50,79:79=' ',<WS>,channel=1,6:0]
[@51,80:80=' ',<WS>,channel=1,6:1]
[@52,81:81=' ',<WS>,channel=1,6:2]
[@53,82:82=' ',<WS>,channel=1,6:3]
[@54,83:88='return',<'return'>,6:4]
[@55,89:89=' ',<WS>,channel=1,6:10]
[@56,90:90='a',<ID>,6:11]
[@57,91:91=' ',<WS>,channel=1,6:12]
[@58,92:92='*',<'*'>,6:13]
[@59,93:93=' ',<WS>,channel=1,6:14]
[@60,94:94='2',<INT>,6:15]
[@61,95:95=';',<';'>,6:16]
[@62,96:96='\n',<WS>,channel=1,6:17]
[@63,97:97='}',<'}'>,7:0]
[@64,98:98='\n',<WS>,channel=1,7:1]
[@65,99:99='\n',<WS>,channel=1,8:0]
[@66,100:105='double',<'double'>,9:0]
[@67,106:106=' ',<WS>,channel=1,9:6]
[@68,107:115='Function2',<ID>,9:7]
[@69,116:116='(',<'('>,9:16]
[@70,117:117=')',<')'>,9:17]
[@71,118:118=' ',<WS>,channel=1,9:18]
[@72,119:119='{',<'{'>,9:19]
[@73,120:120='\n',<WS>,channel=1,9:20]
[@74,121:121=' ',<WS>,channel=1,10:0]
[@75,122:122=' ',<WS>,channel=1,10:1]
[@76,123:123=' ',<WS>,channel=1,10:2]
[@77,124:124=' ',<WS>,channel=1,10:3]
[@78,125:130='return',<'return'>,10:4]
[@79,131:131=' ',<WS>,channel=1,10:10]
[@80,132:133='Pi',<ID>,10:11]
[@81,134:134=';',<';'>,10:13]
[@82,135:135='\n',<WS>,channel=1,10:14]
[@83,136:136='}',<'}'>,11:0]
[@84,137:137='\n',<WS>,channel=1,11:1]
[@85,138:138='\n',<WS>,channel=1,12:0]
[@86,139:138='<EOF>',<EOF>,13:0]
