[@0,0:5='import',<'import'>,1:0]
[@1,6:6=' ',<WS>,channel=1,1:6]
[@2,7:16='"FileName"',<STRING>,1:7]
[@3,17:17=' ',<WS>,channel=1,1:17]
[@4,18:18='\n',<WS>,channel=1,1:18]
[@5,19:19='\n',<WS>,channel=1,2:0]
[@6,20:24='class',<'class'>,3:0]
[@7,25:25=' ',<WS>,channel=1,3:5]
[@8,26:34='ClassName',<ID>,3:6]
[@9,35:35=' ',<WS>,channel=1,3:15]
[@10,36:36='{',<'{'>,3:16]
[@11,37:37='\n',<WS>,channel=1,3:17]
[@12,38:38='\t',<WS>,channel=1,4:0]
[@13,39:39='\n',<WS>,channel=1,4:1]
[@14,40:40='\t',<WS>,channel=1,5:0]
[@15,41:47='public:',<PUBLIC>,5:1]
[@16,48:48='\n',<WS>,channel=1,5:8]
[@17,49:49='\t',<WS>,channel=1,6:0]
[@18,50:50='\t',<WS>,channel=1,6:1]
[@19,51:53='int',<'int'>,6:2]
[@20,54:54=' ',<WS>,channel=1,6:5]
[@21,55:67='AttributeName',<ID>,6:6]
[@22,68:68=';',<';'>,6:19]
[@23,69:69='\n',<WS>,channel=1,6:20]
[@24,70:70='\n',<WS>,channel=1,7:0]
[@25,71:71='\t',<WS>,channel=1,8:0]
[@26,72:72='\t',<WS>,channel=1,8:1]
[@27,73:76='void',<'void'>,8:2]
[@28,77:77=' ',<WS>,channel=1,8:6]
[@29,78:86='ClassName',<ID>,8:7]
[@30,87:87=' ',<WS>,channel=1,8:16]
[@31,88:88='(',<'('>,8:17]
[@32,89:89=')',<')'>,8:18]
[@33,90:90=' ',<WS>,channel=1,8:19]
[@34,91:91='{',<'{'>,8:20]
[@35,92:92='}',<'}'>,8:21]
[@36,93:93='\n',<WS>,channel=1,8:22]
[@37,94:94='\n',<WS>,channel=1,9:0]
[@38,95:95='\t',<WS>,channel=1,10:0]
[@39,96:103='private:',<PRIVATE>,10:1]
[@40,104:104='\n',<WS>,channel=1,10:9]
[@41,105:105='\t',<WS>,channel=1,11:0]
[@42,106:106='\t',<WS>,channel=1,11:1]
[@43,107:110='char',<'char'>,11:2]
[@44,111:111=' ',<WS>,channel=1,11:6]
[@45,112:121='ReturnName',<ID>,11:7]
[@46,122:122=' ',<WS>,channel=1,11:17]
[@47,123:123='=',<'='>,11:18]
[@48,124:124=' ',<WS>,channel=1,11:19]
[@49,125:130='"Name"',<STRING>,11:20]
[@50,131:131=';',<';'>,11:26]
[@51,132:132='\n',<WS>,channel=1,11:27]
[@52,133:133='\n',<WS>,channel=1,12:0]
[@53,134:134='\t',<WS>,channel=1,13:0]
[@54,135:135='\t',<WS>,channel=1,13:1]
[@55,136:138='int',<'int'>,13:2]
[@56,139:139=' ',<WS>,channel=1,13:5]
[@57,140:152='FunctionName1',<ID>,13:6]
[@58,153:153=' ',<WS>,channel=1,13:19]
[@59,154:154='(',<'('>,13:20]
[@60,155:157='int',<'int'>,13:21]
[@61,158:158=' ',<WS>,channel=1,13:24]
[@62,159:171='ParameterName',<ID>,13:25]
[@63,172:172=')',<')'>,13:38]
[@64,173:173=' ',<WS>,channel=1,13:39]
[@65,174:174='{',<'{'>,13:40]
[@66,175:175=' ',<WS>,channel=1,13:41]
[@67,176:181='return',<'return'>,13:42]
[@68,182:182=' ',<WS>,channel=1,13:48]
[@69,183:192='ReturnName',<ID>,13:49]
[@70,193:193=';',<';'>,13:59]
[@71,194:194=' ',<WS>,channel=1,13:60]
[@72,195:195='}',<'}'>,13:61]
[@73,196:196='\n',<WS>,channel=1,13:62]
[@74,197:197='\n',<WS>,channel=1,14:0]
[@75,198:198='}',<'}'>,15:0]
[@76,199:199='\n',<WS>,channel=1,15:1]
[@77,200:200='\n',<WS>,channel=1,16:0]
[@78,201:203='int',<'int'>,17:0]
[@79,204:204=' ',<WS>,channel=1,17:3]
[@80,205:217='FunctionName2',<ID>,17:4]
[@81,218:218=' ',<WS>,channel=1,17:17]
[@82,219:219='(',<'('>,17:18]
[@83,220:220=')',<')'>,17:19]
[@84,221:221=' ',<WS>,channel=1,17:20]
[@85,222:222='{',<'{'>,17:21]
[@86,223:223='}',<'}'>,17:22]
[@87,224:224='\n',<WS>,channel=1,17:23]
[@88,225:225='\n',<WS>,channel=1,18:0]
[@89,226:229='void',<'void'>,19:0]
[@90,230:230=' ',<WS>,channel=1,19:4]
[@91,231:234='main',<'main'>,19:5]
[@92,235:235=' ',<WS>,channel=1,19:9]
[@93,236:236='(',<'('>,19:10]
[@94,237:239='int',<'int'>,19:11]
[@95,240:240=' ',<WS>,channel=1,19:14]
[@96,241:244='argc',<ID>,19:15]
[@97,245:245=',',<','>,19:19]
[@98,246:246=' ',<WS>,channel=1,19:20]
[@99,247:250='char',<'char'>,19:21]
[@100,251:251=' ',<WS>,channel=1,19:25]
[@101,252:252='*',<'*'>,19:26]
[@102,253:253='*',<'*'>,19:27]
[@103,254:257='argv',<ID>,19:28]
[@104,258:258=')',<')'>,19:32]
[@105,259:259=' ',<WS>,channel=1,19:33]
[@106,260:260='{',<'{'>,19:34]
[@107,261:261='}',<'}'>,19:35]
[@108,262:262='\n',<WS>,channel=1,19:36]
[@109,263:262='<EOF>',<EOF>,20:0]
