[@0,0:5='double',<'double'>,1:0]
[@1,6:6=' ',<WS>,channel=1,1:6]
[@2,7:16='MyFunction',<ID>,1:7]
[@3,17:17=' ',<WS>,channel=1,1:17]
[@4,18:18='(',<'('>,1:18]
[@5,19:19=')',<')'>,1:19]
[@6,20:20=' ',<WS>,channel=1,1:20]
[@7,21:21='{',<'{'>,1:21]
[@8,22:22='\n',<WS>,channel=1,1:22]
[@9,23:23=' ',<WS>,channel=1,2:0]
[@10,24:24=' ',<WS>,channel=1,2:1]
[@11,25:25=' ',<WS>,channel=1,2:2]
[@12,26:26=' ',<WS>,channel=1,2:3]
[@13,27:29='int',<'int'>,2:4]
[@14,30:30=' ',<WS>,channel=1,2:7]
[@15,31:31='*',<'*'>,2:8]
[@16,32:32=' ',<WS>,channel=1,2:9]
[@17,33:33='x',<ID>,2:10]
[@18,34:34=' ',<WS>,channel=1,2:11]
[@19,35:35='=',<'='>,2:12]
[@20,36:36=' ',<WS>,channel=1,2:13]
[@21,37:42='malloc',<'malloc'>,2:14]
[@22,43:43='(',<'('>,2:20]
[@23,44:44='1',<INT>,2:21]
[@24,45:45=' ',<WS>,channel=1,2:22]
[@25,46:46='*',<'*'>,2:23]
[@26,47:47=' ',<WS>,channel=1,2:24]
[@27,48:53='sizeof',<'sizeof'>,2:25]
[@28,54:54='(',<'('>,2:31]
[@29,55:57='int',<'int'>,2:32]
[@30,58:58=')',<')'>,2:35]
[@31,59:59=')',<')'>,2:36]
[@32,60:60=';',<';'>,2:37]
[@33,61:61='\n',<WS>,channel=1,2:38]
[@34,62:62=' ',<WS>,channel=1,3:0]
[@35,63:63=' ',<WS>,channel=1,3:1]
[@36,64:64=' ',<WS>,channel=1,3:2]
[@37,65:65=' ',<WS>,channel=1,3:3]
[@38,66:66='\n',<WS>,channel=1,3:4]
[@39,67:67=' ',<WS>,channel=1,4:0]
[@40,68:68=' ',<WS>,channel=1,4:1]
[@41,69:69=' ',<WS>,channel=1,4:2]
[@42,70:70=' ',<WS>,channel=1,4:3]
[@43,71:75='class',<'class'>,4:4]
[@44,76:76=' ',<WS>,channel=1,4:9]
[@45,77:83='MyClass',<ID>,4:10]
[@46,84:84=' ',<WS>,channel=1,4:17]
[@47,85:85='*',<'*'>,4:18]
[@48,86:86=' ',<WS>,channel=1,4:19]
[@49,87:87='a',<ID>,4:20]
[@50,88:88=' ',<WS>,channel=1,4:21]
[@51,89:89='=',<'='>,4:22]
[@52,90:90=' ',<WS>,channel=1,4:23]
[@53,91:93='new',<'new'>,4:24]
[@54,94:94=' ',<WS>,channel=1,4:27]
[@55,95:95='A',<ID>,4:28]
[@56,96:96='(',<'('>,4:29]
[@57,97:97=')',<')'>,4:30]
[@58,98:98=';',<';'>,4:31]
[@59,99:99='\n',<WS>,channel=1,4:32]
[@60,100:100=' ',<WS>,channel=1,5:0]
[@61,101:101=' ',<WS>,channel=1,5:1]
[@62,102:102=' ',<WS>,channel=1,5:2]
[@63,103:103=' ',<WS>,channel=1,5:3]
[@64,104:104='\n',<WS>,channel=1,5:4]
[@65,105:105=' ',<WS>,channel=1,6:0]
[@66,106:106=' ',<WS>,channel=1,6:1]
[@67,107:107=' ',<WS>,channel=1,6:2]
[@68,108:108=' ',<WS>,channel=1,6:3]
[@69,109:109='a',<ID>,6:4]
[@70,110:111='->',<'->'>,6:5]
[@71,112:115='func',<ID>,6:7]
[@72,116:116='(',<'('>,6:11]
[@73,117:117='&',<'&'>,6:12]
[@74,118:118='(',<'('>,6:13]
[@75,119:119='x',<ID>,6:14]
[@76,120:120=')',<')'>,6:15]
[@77,121:121=')',<')'>,6:16]
[@78,122:122=';',<';'>,6:17]
[@79,123:123='\n',<WS>,channel=1,6:18]
[@80,124:124=' ',<WS>,channel=1,7:0]
[@81,125:125=' ',<WS>,channel=1,7:1]
[@82,126:126=' ',<WS>,channel=1,7:2]
[@83,127:127=' ',<WS>,channel=1,7:3]
[@84,128:128='\n',<WS>,channel=1,7:4]
[@85,129:129=' ',<WS>,channel=1,8:0]
[@86,130:130=' ',<WS>,channel=1,8:1]
[@87,131:131=' ',<WS>,channel=1,8:2]
[@88,132:132=' ',<WS>,channel=1,8:3]
[@89,133:138='delete',<'delete'>,8:4]
[@90,139:139=' ',<WS>,channel=1,8:10]
[@91,140:140='a',<ID>,8:11]
[@92,141:141=';',<';'>,8:12]
[@93,142:142='\n',<WS>,channel=1,8:13]
[@94,143:143='\n',<WS>,channel=1,9:0]
[@95,144:144=' ',<WS>,channel=1,10:0]
[@96,145:145=' ',<WS>,channel=1,10:1]
[@97,146:146=' ',<WS>,channel=1,10:2]
[@98,147:147=' ',<WS>,channel=1,10:3]
[@99,148:153='double',<'double'>,10:4]
[@100,154:154=' ',<WS>,channel=1,10:10]
[@101,155:157='ret',<ID>,10:11]
[@102,158:158=' ',<WS>,channel=1,10:14]
[@103,159:159='=',<'='>,10:15]
[@104,160:160=' ',<WS>,channel=1,10:16]
[@105,161:161='*',<'*'>,10:17]
[@106,162:162='(',<'('>,10:18]
[@107,163:163='x',<ID>,10:19]
[@108,164:164=')',<')'>,10:20]
[@109,165:165=';',<';'>,10:21]
[@110,166:166='\n',<WS>,channel=1,10:22]
[@111,167:167=' ',<WS>,channel=1,11:0]
[@112,168:168=' ',<WS>,channel=1,11:1]
[@113,169:169=' ',<WS>,channel=1,11:2]
[@114,170:170=' ',<WS>,channel=1,11:3]
[@115,171:171='\n',<WS>,channel=1,11:4]
[@116,172:172=' ',<WS>,channel=1,12:0]
[@117,173:173=' ',<WS>,channel=1,12:1]
[@118,174:174=' ',<WS>,channel=1,12:2]
[@119,175:175=' ',<WS>,channel=1,12:3]
[@120,176:179='free',<'free'>,12:4]
[@121,180:180='(',<'('>,12:8]
[@122,181:181='x',<ID>,12:9]
[@123,182:182=')',<')'>,12:10]
[@124,183:183=';',<';'>,12:11]
[@125,184:184='\n',<WS>,channel=1,12:12]
[@126,185:185=' ',<WS>,channel=1,13:0]
[@127,186:186=' ',<WS>,channel=1,13:1]
[@128,187:187=' ',<WS>,channel=1,13:2]
[@129,188:188=' ',<WS>,channel=1,13:3]
[@130,189:189='\n',<WS>,channel=1,13:4]
[@131,190:190=' ',<WS>,channel=1,14:0]
[@132,191:191=' ',<WS>,channel=1,14:1]
[@133,192:192=' ',<WS>,channel=1,14:2]
[@134,193:193=' ',<WS>,channel=1,14:3]
[@135,194:199='return',<'return'>,14:4]
[@136,200:200=' ',<WS>,channel=1,14:10]
[@137,201:203='ret',<ID>,14:11]
[@138,204:204=';',<';'>,14:14]
[@139,205:205='\n',<WS>,channel=1,14:15]
[@140,206:206='}',<'}'>,15:0]
[@141,207:207='\n',<WS>,channel=1,15:1]
[@142,208:208='\n',<WS>,channel=1,16:0]
[@143,209:212='void',<'void'>,17:0]
[@144,213:213=' ',<WS>,channel=1,17:4]
[@145,214:217='main',<'main'>,17:5]
[@146,218:218=' ',<WS>,channel=1,17:9]
[@147,219:219='(',<'('>,17:10]
[@148,220:222='int',<'int'>,17:11]
[@149,223:223=' ',<WS>,channel=1,17:14]
[@150,224:227='argc',<ID>,17:15]
[@151,228:228=',',<','>,17:19]
[@152,229:229=' ',<WS>,channel=1,17:20]
[@153,230:233='char',<'char'>,17:21]
[@154,234:234=' ',<WS>,channel=1,17:25]
[@155,235:235='*',<'*'>,17:26]
[@156,236:236='*',<'*'>,17:27]
[@157,237:240='argv',<ID>,17:28]
[@158,241:241=')',<')'>,17:32]
[@159,242:242=' ',<WS>,channel=1,17:33]
[@160,243:243='{',<'{'>,17:34]
[@161,244:244='}',<'}'>,17:35]
[@162,245:245='\n',<WS>,channel=1,17:36]
[@163,246:245='<EOF>',<EOF>,18:0]
