[@0,0:5='import',<'import'>,1:0]
[@1,6:6=' ',<WS>,channel=1,1:6]
[@2,7:25='"./ExternFile.file"',<STRING>,1:7]
[@3,26:26='\n',<WS>,channel=1,1:26]
[@4,27:27='\n',<WS>,channel=1,2:0]
[@5,28:32='class',<'class'>,3:0]
[@6,33:33=' ',<WS>,channel=1,3:5]
[@7,34:34='A',<ID>,3:6]
[@8,35:35=' ',<WS>,channel=1,3:7]
[@9,36:36='{',<'{'>,3:8]
[@10,37:37='\n',<WS>,channel=1,3:9]
[@11,38:38='\t',<WS>,channel=1,4:0]
[@12,39:45='public:',<PUBLIC>,4:1]
[@13,46:46='\n',<WS>,channel=1,4:8]
[@14,47:47='\t',<WS>,channel=1,5:0]
[@15,48:48='\t',<WS>,channel=1,5:1]
[@16,49:51='int',<'int'>,5:2]
[@17,52:52=' ',<WS>,channel=1,5:5]
[@18,53:53='a',<ID>,5:6]
[@19,54:54=' ',<WS>,channel=1,5:7]
[@20,55:55='=',<'='>,5:8]
[@21,56:56=' ',<WS>,channel=1,5:9]
[@22,57:57='3',<INT>,5:10]
[@23,58:58=';',<';'>,5:11]
[@24,59:59='\n',<WS>,channel=1,5:12]
[@25,60:60='\t',<WS>,channel=1,6:0]
[@26,61:61='\t',<WS>,channel=1,6:1]
[@27,62:66='float',<'float'>,6:2]
[@28,67:67=' ',<WS>,channel=1,6:7]
[@29,68:68='b',<ID>,6:8]
[@30,69:69='[',<'['>,6:9]
[@31,70:70='2',<INT>,6:10]
[@32,71:71=']',<']'>,6:11]
[@33,72:72=';',<';'>,6:12]
[@34,73:73='\n',<WS>,channel=1,6:13]
[@35,74:74='\n',<WS>,channel=1,7:0]
[@36,75:75='\t',<WS>,channel=1,8:0]
[@37,76:76='\t',<WS>,channel=1,8:1]
[@38,77:81='class',<'class'>,8:2]
[@39,82:82=' ',<WS>,channel=1,8:7]
[@40,83:83='A',<ID>,8:8]
[@41,84:84=' ',<WS>,channel=1,8:9]
[@42,85:85='*',<'*'>,8:10]
[@43,86:86=' ',<WS>,channel=1,8:11]
[@44,87:90='mult',<ID>,8:12]
[@45,91:91=' ',<WS>,channel=1,8:16]
[@46,92:92='(',<'('>,8:17]
[@47,93:95='int',<'int'>,8:18]
[@48,96:96=' ',<WS>,channel=1,8:21]
[@49,97:97='c',<ID>,8:22]
[@50,98:98=')',<')'>,8:23]
[@51,99:99=' ',<WS>,channel=1,8:24]
[@52,100:100='{',<'{'>,8:25]
[@53,101:101=' ',<WS>,channel=1,8:26]
[@54,102:102='\n',<WS>,channel=1,8:27]
[@55,103:103='\t',<WS>,channel=1,9:0]
[@56,104:104='\t',<WS>,channel=1,9:1]
[@57,105:105='\t',<WS>,channel=1,9:2]
[@58,106:106='\n',<WS>,channel=1,9:3]
[@59,107:107='\t',<WS>,channel=1,10:0]
[@60,108:108='\t',<WS>,channel=1,10:1]
[@61,109:109='\t',<WS>,channel=1,10:2]
[@62,110:114='class',<'class'>,10:3]
[@63,115:115=' ',<WS>,channel=1,10:8]
[@64,116:116='A',<ID>,10:9]
[@65,117:117=' ',<WS>,channel=1,10:10]
[@66,118:118='*',<'*'>,10:11]
[@67,119:119=' ',<WS>,channel=1,10:12]
[@68,120:120='z',<ID>,10:13]
[@69,121:121=' ',<WS>,channel=1,10:14]
[@70,122:122='=',<'='>,10:15]
[@71,123:123=' ',<WS>,channel=1,10:16]
[@72,124:126='new',<'new'>,10:17]
[@73,127:127=' ',<WS>,channel=1,10:20]
[@74,128:128='A',<ID>,10:21]
[@75,129:129='(',<'('>,10:22]
[@76,130:130=')',<')'>,10:23]
[@77,131:131=';',<';'>,10:24]
[@78,132:132='\n',<WS>,channel=1,10:25]
[@79,133:133='\t',<WS>,channel=1,11:0]
[@80,134:134='\t',<WS>,channel=1,11:1]
[@81,135:135='\t',<WS>,channel=1,11:2]
[@82,136:136='\n',<WS>,channel=1,11:3]
[@83,137:137='\t',<WS>,channel=1,12:0]
[@84,138:138='\t',<WS>,channel=1,12:1]
[@85,139:139='\t',<WS>,channel=1,12:2]
[@86,140:141='if',<'if'>,12:3]
[@87,142:142=' ',<WS>,channel=1,12:5]
[@88,143:143='(',<'('>,12:6]
[@89,144:144='c',<ID>,12:7]
[@90,145:145=' ',<WS>,channel=1,12:8]
[@91,146:147='==',<'=='>,12:9]
[@92,148:148=' ',<WS>,channel=1,12:11]
[@93,149:149='3',<INT>,12:12]
[@94,150:150=')',<')'>,12:13]
[@95,151:151=' ',<WS>,channel=1,12:14]
[@96,152:152='{',<'{'>,12:15]
[@97,153:153='\n',<WS>,channel=1,12:16]
[@98,154:154='\t',<WS>,channel=1,13:0]
[@99,155:155='\t',<WS>,channel=1,13:1]
[@100,156:156='\t',<WS>,channel=1,13:2]
[@101,157:157='\t',<WS>,channel=1,13:3]
[@102,158:163='return',<'return'>,13:4]
[@103,164:164=' ',<WS>,channel=1,13:10]
[@104,165:168='func',<ID>,13:11]
[@105,169:169='(',<'('>,13:15]
[@106,170:170='z',<ID>,13:16]
[@107,171:171=')',<')'>,13:17]
[@108,172:172=';',<';'>,13:18]
[@109,173:173='\n',<WS>,channel=1,13:19]
[@110,174:174='\t',<WS>,channel=1,14:0]
[@111,175:175='\t',<WS>,channel=1,14:1]
[@112,176:176='\t',<WS>,channel=1,14:2]
[@113,177:177='}',<'}'>,14:3]
[@114,178:178='\n',<WS>,channel=1,14:4]
[@115,179:179='\n',<WS>,channel=1,15:0]
[@116,180:180='\t',<WS>,channel=1,16:0]
[@117,181:181='\t',<WS>,channel=1,16:1]
[@118,182:182='\t',<WS>,channel=1,16:2]
[@119,183:188='delete',<'delete'>,16:3]
[@120,189:189=' ',<WS>,channel=1,16:9]
[@121,190:190='z',<ID>,16:10]
[@122,191:191=';',<';'>,16:11]
[@123,192:192='\n',<WS>,channel=1,16:12]
[@124,193:193='\t',<WS>,channel=1,17:0]
[@125,194:194='\t',<WS>,channel=1,17:1]
[@126,195:195='\t',<WS>,channel=1,17:2]
[@127,196:201='return',<'return'>,17:3]
[@128,202:202=' ',<WS>,channel=1,17:9]
[@129,203:206='NULL',<ID>,17:10]
[@130,207:207=';',<';'>,17:14]
[@131,208:208='\n',<WS>,channel=1,17:15]
[@132,209:209='\t',<WS>,channel=1,18:0]
[@133,210:210='\t',<WS>,channel=1,18:1]
[@134,211:211='}',<'}'>,18:2]
[@135,212:212='\n',<WS>,channel=1,18:3]
[@136,213:213='}',<'}'>,19:0]
[@137,214:214='\n',<WS>,channel=1,19:1]
[@138,215:215='\n',<WS>,channel=1,20:0]
[@139,216:220='class',<'class'>,21:0]
[@140,221:221=' ',<WS>,channel=1,21:5]
[@141,222:222='A',<ID>,21:6]
[@142,223:223=' ',<WS>,channel=1,21:7]
[@143,224:224='*',<'*'>,21:8]
[@144,225:225=' ',<WS>,channel=1,21:9]
[@145,226:229='func',<ID>,21:10]
[@146,230:230=' ',<WS>,channel=1,21:14]
[@147,231:231='(',<'('>,21:15]
[@148,232:236='class',<'class'>,21:16]
[@149,237:237=' ',<WS>,channel=1,21:21]
[@150,238:238='A',<ID>,21:22]
[@151,239:239=' ',<WS>,channel=1,21:23]
[@152,240:240='*',<'*'>,21:24]
[@153,241:241=' ',<WS>,channel=1,21:25]
[@154,242:249='variable',<ID>,21:26]
[@155,250:250=')',<')'>,21:34]
[@156,251:251=' ',<WS>,channel=1,21:35]
[@157,252:252='{',<'{'>,21:36]
[@158,253:253='\n',<WS>,channel=1,21:37]
[@159,254:254='\n',<WS>,channel=1,22:0]
[@160,255:255='\t',<WS>,channel=1,23:0]
[@161,256:261='return',<'return'>,23:1]
[@162,262:262=' ',<WS>,channel=1,23:7]
[@163,263:270='variable',<ID>,23:8]
[@164,271:272='->',<'->'>,23:16]
[@165,273:276='mult',<ID>,23:18]
[@166,277:277='(',<'('>,23:22]
[@167,278:278='3',<INT>,23:23]
[@168,279:279=')',<')'>,23:24]
[@169,280:280=';',<';'>,23:25]
[@170,281:281='\n',<WS>,channel=1,23:26]
[@171,282:282='\n',<WS>,channel=1,24:0]
[@172,283:283='}',<'}'>,25:0]
[@173,284:284='\n',<WS>,channel=1,25:1]
[@174,285:285='\n',<WS>,channel=1,26:0]
[@175,286:289='void',<'void'>,27:0]
[@176,290:290=' ',<WS>,channel=1,27:4]
[@177,291:294='main',<'main'>,27:5]
[@178,295:295='(',<'('>,27:9]
[@179,296:298='int',<'int'>,27:10]
[@180,299:299=' ',<WS>,channel=1,27:13]
[@181,300:303='argc',<ID>,27:14]
[@182,304:304=',',<','>,27:18]
[@183,305:305=' ',<WS>,channel=1,27:19]
[@184,306:309='char',<'char'>,27:20]
[@185,310:310=' ',<WS>,channel=1,27:24]
[@186,311:311='*',<'*'>,27:25]
[@187,312:312='*',<'*'>,27:26]
[@188,313:316='argv',<ID>,27:27]
[@189,317:317=')',<')'>,27:31]
[@190,318:318=' ',<WS>,channel=1,27:32]
[@191,319:319='{',<'{'>,27:33]
[@192,320:320='\n',<WS>,channel=1,27:34]
[@193,321:321='\n',<WS>,channel=1,28:0]
[@194,322:322='\t',<WS>,channel=1,29:0]
[@195,323:325='for',<'for'>,29:1]
[@196,326:326=' ',<WS>,channel=1,29:4]
[@197,327:327='(',<'('>,29:5]
[@198,328:330='int',<'int'>,29:6]
[@199,331:331=' ',<WS>,channel=1,29:9]
[@200,332:332='i',<ID>,29:10]
[@201,333:333=' ',<WS>,channel=1,29:11]
[@202,334:334='=',<'='>,29:12]
[@203,335:335=' ',<WS>,channel=1,29:13]
[@204,336:336='0',<INT>,29:14]
[@205,337:337=';',<';'>,29:15]
[@206,338:338=' ',<WS>,channel=1,29:16]
[@207,339:339='i',<ID>,29:17]
[@208,340:340=' ',<WS>,channel=1,29:18]
[@209,341:341='<',<'<'>,29:19]
[@210,342:342=' ',<WS>,channel=1,29:20]
[@211,343:343='3',<INT>,29:21]
[@212,344:344=';',<';'>,29:22]
[@213,345:345=' ',<WS>,channel=1,29:23]
[@214,346:346='i',<ID>,29:24]
[@215,347:348='++',<'++'>,29:25]
[@216,349:349=')',<')'>,29:27]
[@217,350:350=' ',<WS>,channel=1,29:28]
[@218,351:351='{',<'{'>,29:29]
[@219,352:352='\n',<WS>,channel=1,29:30]
[@220,353:353='\t',<WS>,channel=1,30:0]
[@221,354:354='\t',<WS>,channel=1,30:1]
[@222,355:358='argv',<ID>,30:2]
[@223,359:359=' ',<WS>,channel=1,30:6]
[@224,360:361='+=',<'+='>,30:7]
[@225,362:362=' ',<WS>,channel=1,30:9]
[@226,363:363='&',<'&'>,30:10]
[@227,364:364='(',<'('>,30:11]
[@228,365:365='i',<ID>,30:12]
[@229,366:366=')',<')'>,30:13]
[@230,367:367=';',<';'>,30:14]
[@231,368:368='\n',<WS>,channel=1,30:15]
[@232,369:369='\t',<WS>,channel=1,31:0]
[@233,370:370='}',<'}'>,31:1]
[@234,371:371='\n',<WS>,channel=1,31:2]
[@235,372:372='\t',<WS>,channel=1,32:0]
[@236,373:373='\n',<WS>,channel=1,32:1]
[@237,374:374='\t',<WS>,channel=1,33:0]
[@238,375:379='while',<'while'>,33:1]
[@239,380:380=' ',<WS>,channel=1,33:6]
[@240,381:381='(',<'('>,33:7]
[@241,382:385='true',<BOOLEAN>,33:8]
[@242,386:386=')',<')'>,33:12]
[@243,387:387=' ',<WS>,channel=1,33:13]
[@244,388:388='{',<'{'>,33:14]
[@245,389:389='\n',<WS>,channel=1,33:15]
[@246,390:390='\t',<WS>,channel=1,34:0]
[@247,391:391='\t',<WS>,channel=1,34:1]
[@248,392:399='continue',<'continue'>,34:2]
[@249,400:400=';',<';'>,34:10]
[@250,401:401='\n',<WS>,channel=1,34:11]
[@251,402:402='\t',<WS>,channel=1,35:0]
[@252,403:403='}',<'}'>,35:1]
[@253,404:404='\n',<WS>,channel=1,35:2]
[@254,405:405='\t',<WS>,channel=1,36:0]
[@255,406:406='\n',<WS>,channel=1,36:1]
[@256,407:407='\t',<WS>,channel=1,37:0]
[@257,408:413='switch',<'switch'>,37:1]
[@258,414:414=' ',<WS>,channel=1,37:7]
[@259,415:415='(',<'('>,37:8]
[@260,416:419='args',<ID>,37:9]
[@261,420:420='[',<'['>,37:13]
[@262,421:421='1',<INT>,37:14]
[@263,422:422=']',<']'>,37:15]
[@264,423:423=')',<')'>,37:16]
[@265,424:424=' ',<WS>,channel=1,37:17]
[@266,425:425='{',<'{'>,37:18]
[@267,426:426='\n',<WS>,channel=1,37:19]
[@268,427:427='\t',<WS>,channel=1,38:0]
[@269,428:428='\t',<WS>,channel=1,38:1]
[@270,429:432='case',<'case'>,38:2]
[@271,433:433=' ',<WS>,channel=1,38:6]
[@272,434:436=''a'',<CHAR>,38:7]
[@273,437:437=':',<':'>,38:10]
[@274,438:438=' ',<WS>,channel=1,38:11]
[@275,439:442='argv',<ID>,38:12]
[@276,443:443=' ',<WS>,channel=1,38:16]
[@277,444:445='-=',<'-='>,38:17]
[@278,446:446=' ',<WS>,channel=1,38:19]
[@279,447:447='2',<INT>,38:20]
[@280,448:448=';',<';'>,38:21]
[@281,449:449='\n',<WS>,channel=1,38:22]
[@282,450:450='\t',<WS>,channel=1,39:0]
[@283,451:451='\t',<WS>,channel=1,39:1]
[@284,452:452='\t',<WS>,channel=1,39:2]
[@285,453:457='break',<'break'>,39:3]
[@286,458:458=';',<';'>,39:8]
[@287,459:459='\n',<WS>,channel=1,39:9]
[@288,460:460='\t',<WS>,channel=1,40:0]
[@289,461:461='\t',<WS>,channel=1,40:1]
[@290,462:468='default',<'default'>,40:2]
[@291,469:469=':',<':'>,40:9]
[@292,470:470='\n',<WS>,channel=1,40:10]
[@293,471:471='\t',<WS>,channel=1,41:0]
[@294,472:472='\t',<WS>,channel=1,41:1]
[@295,473:473='\t',<WS>,channel=1,41:2]
[@296,474:478='break',<'break'>,41:3]
[@297,479:479=';',<';'>,41:8]
[@298,480:480='\n',<WS>,channel=1,41:9]
[@299,481:481='\t',<WS>,channel=1,42:0]
[@300,482:482='}',<'}'>,42:1]
[@301,483:483='\n',<WS>,channel=1,42:2]
[@302,484:484='}',<'}'>,43:0]
[@303,485:485='\n',<WS>,channel=1,43:1]
[@304,486:485='<EOF>',<EOF>,44:0]
