[@0,0:2='int',<'int'>,1:0]
[@1,3:3=' ',<WS>,channel=1,1:3]
[@2,4:14='MyFunction1',<ID>,1:4]
[@3,15:15=' ',<WS>,channel=1,1:15]
[@4,16:16='(',<'('>,1:16]
[@5,17:17=')',<')'>,1:17]
[@6,18:18=' ',<WS>,channel=1,1:18]
[@7,19:19='{',<'{'>,1:19]
[@8,20:20=' ',<WS>,channel=1,1:20]
[@9,21:26='return',<'return'>,1:21]
[@10,27:27=' ',<WS>,channel=1,1:27]
[@11,28:28='0',<INT>,1:28]
[@12,29:29=';',<';'>,1:29]
[@13,30:30=' ',<WS>,channel=1,1:30]
[@14,31:31='}',<'}'>,1:31]
[@15,32:32='\n',<WS>,channel=1,1:32]
[@16,33:38='double',<'double'>,2:0]
[@17,39:39=' ',<WS>,channel=1,2:6]
[@18,40:50='MyFunction2',<ID>,2:7]
[@19,51:51=' ',<WS>,channel=1,2:18]
[@20,52:52='(',<'('>,2:19]
[@21,53:58='double',<'double'>,2:20]
[@22,59:59=' ',<WS>,channel=1,2:26]
[@23,60:60='b',<ID>,2:27]
[@24,61:61='[',<'['>,2:28]
[@25,62:63='10',<INT>,2:29]
[@26,64:64=']',<']'>,2:31]
[@27,65:65=',',<','>,2:32]
[@28,66:66=' ',<WS>,channel=1,2:33]
[@29,67:72='double',<'double'>,2:34]
[@30,73:73=' ',<WS>,channel=1,2:40]
[@31,74:74='c',<ID>,2:41]
[@32,75:75=')',<')'>,2:42]
[@33,76:76=' ',<WS>,channel=1,2:43]
[@34,77:77='{',<'{'>,2:44]
[@35,78:78=' ',<WS>,channel=1,2:45]
[@36,79:84='return',<'return'>,2:46]
[@37,85:85=' ',<WS>,channel=1,2:52]
[@38,86:88='0.5',<FLOATING>,2:53]
[@39,89:89=' ',<WS>,channel=1,2:56]
[@40,90:90='*',<'*'>,2:57]
[@41,91:91=' ',<WS>,channel=1,2:58]
[@42,92:92='b',<ID>,2:59]
[@43,93:93='[',<'['>,2:60]
[@44,94:94='0',<INT>,2:61]
[@45,95:95=']',<']'>,2:62]
[@46,96:96=' ',<WS>,channel=1,2:63]
[@47,97:97='+',<'+'>,2:64]
[@48,98:98=' ',<WS>,channel=1,2:65]
[@49,99:99='c',<ID>,2:66]
[@50,100:100=';',<';'>,2:67]
[@51,101:101=' ',<WS>,channel=1,2:68]
[@52,102:102='}',<'}'>,2:69]
[@53,103:103='\n',<WS>,channel=1,2:70]
[@54,104:103='<EOF>',<EOF>,3:0]
